{"total": {"lines":{"total":2738,"covered":2582,"skipped":0,"pct":94.3},"statements":{"total":2738,"covered":2582,"skipped":0,"pct":94.3},"functions":{"total":134,"covered":122,"skipped":0,"pct":91.04},"branches":{"total":543,"covered":494,"skipped":0,"pct":90.97},"branchesTrue":{"total":0,"covered":0,"skipped":0,"pct":100}}
,"/home/lukas/projects/2900INF/BookClub/frontend/eslint.config.js": {"lines":{"total":37,"covered":0,"skipped":0,"pct":0},"functions":{"total":1,"covered":0,"skipped":0,"pct":0},"statements":{"total":37,"covered":0,"skipped":0,"pct":0},"branches":{"total":1,"covered":0,"skipped":0,"pct":0}}
,"/home/lukas/projects/2900INF/BookClub/frontend/vite.config.js": {"lines":{"total":21,"covered":0,"skipped":0,"pct":0},"functions":{"total":1,"covered":0,"skipped":0,"pct":0},"statements":{"total":21,"covered":0,"skipped":0,"pct":0},"branches":{"total":1,"covered":0,"skipped":0,"pct":0}}
,"/home/lukas/projects/2900INF/BookClub/frontend/vitest.config.ts": {"lines":{"total":14,"covered":0,"skipped":0,"pct":0},"functions":{"total":1,"covered":0,"skipped":0,"pct":0},"statements":{"total":14,"covered":0,"skipped":0,"pct":0},"branches":{"total":1,"covered":0,"skipped":0,"pct":0}}
,"/home/lukas/projects/2900INF/BookClub/frontend/src/App.jsx": {"lines":{"total":83,"covered":69,"skipped":0,"pct":83.13},"functions":{"total":3,"covered":1,"skipped":0,"pct":33.33},"statements":{"total":83,"covered":69,"skipped":0,"pct":83.13},"branches":{"total":5,"covered":4,"skipped":0,"pct":80}}
,"/home/lukas/projects/2900INF/BookClub/frontend/src/main.jsx": {"lines":{"total":7,"covered":0,"skipped":0,"pct":0},"functions":{"total":1,"covered":1,"skipped":0,"pct":100},"statements":{"total":7,"covered":0,"skipped":0,"pct":0},"branches":{"total":1,"covered":1,"skipped":0,"pct":100}}
,"/home/lukas/projects/2900INF/BookClub/frontend/src/utils.jsx": {"lines":{"total":221,"covered":216,"skipped":0,"pct":97.73},"functions":{"total":14,"covered":14,"skipped":0,"pct":100},"statements":{"total":221,"covered":216,"skipped":0,"pct":97.73},"branches":{"total":35,"covered":33,"skipped":0,"pct":94.28}}
,"/home/lukas/projects/2900INF/BookClub/frontend/src/assets/ProfilePage.jsx": {"lines":{"total":494,"covered":439,"skipped":0,"pct":88.86},"functions":{"total":24,"covered":18,"skipped":0,"pct":75},"statements":{"total":494,"covered":439,"skipped":0,"pct":88.86},"branches":{"total":101,"covered":84,"skipped":0,"pct":83.16}}
,"/home/lukas/projects/2900INF/BookClub/frontend/src/assets/Tabs.jsx": {"lines":{"total":22,"covered":22,"skipped":0,"pct":100},"functions":{"total":2,"covered":2,"skipped":0,"pct":100},"statements":{"total":22,"covered":22,"skipped":0,"pct":100},"branches":{"total":6,"covered":6,"skipped":0,"pct":100}}
,"/home/lukas/projects/2900INF/BookClub/frontend/src/assets/bookcard.jsx": {"lines":{"total":155,"covered":155,"skipped":0,"pct":100},"functions":{"total":7,"covered":7,"skipped":0,"pct":100},"statements":{"total":155,"covered":155,"skipped":0,"pct":100},"branches":{"total":44,"covered":37,"skipped":0,"pct":84.09}}
,"/home/lukas/projects/2900INF/BookClub/frontend/src/assets/booklist.jsx": {"lines":{"total":90,"covered":90,"skipped":0,"pct":100},"functions":{"total":4,"covered":4,"skipped":0,"pct":100},"statements":{"total":90,"covered":90,"skipped":0,"pct":100},"branches":{"total":29,"covered":29,"skipped":0,"pct":100}}
,"/home/lukas/projects/2900INF/BookClub/frontend/src/assets/bookpage.jsx": {"lines":{"total":237,"covered":237,"skipped":0,"pct":100},"functions":{"total":10,"covered":9,"skipped":0,"pct":90},"statements":{"total":237,"covered":237,"skipped":0,"pct":100},"branches":{"total":60,"covered":53,"skipped":0,"pct":88.33}}
,"/home/lukas/projects/2900INF/BookClub/frontend/src/assets/gamepage.jsx": {"lines":{"total":136,"covered":136,"skipped":0,"pct":100},"functions":{"total":8,"covered":8,"skipped":0,"pct":100},"statements":{"total":136,"covered":136,"skipped":0,"pct":100},"branches":{"total":33,"covered":31,"skipped":0,"pct":93.93}}
,"/home/lukas/projects/2900INF/BookClub/frontend/src/assets/header.jsx": {"lines":{"total":58,"covered":58,"skipped":0,"pct":100},"functions":{"total":4,"covered":4,"skipped":0,"pct":100},"statements":{"total":58,"covered":58,"skipped":0,"pct":100},"branches":{"total":4,"covered":4,"skipped":0,"pct":100}}
,"/home/lukas/projects/2900INF/BookClub/frontend/src/assets/index.jsx": {"lines":{"total":13,"covered":13,"skipped":0,"pct":100},"functions":{"total":0,"covered":0,"skipped":0,"pct":100},"statements":{"total":13,"covered":13,"skipped":0,"pct":100},"branches":{"total":0,"covered":0,"skipped":0,"pct":100}}
,"/home/lukas/projects/2900INF/BookClub/frontend/src/assets/login.jsx": {"lines":{"total":81,"covered":81,"skipped":0,"pct":100},"functions":{"total":4,"covered":4,"skipped":0,"pct":100},"statements":{"total":81,"covered":81,"skipped":0,"pct":100},"branches":{"total":9,"covered":8,"skipped":0,"pct":88.88}}
,"/home/lukas/projects/2900INF/BookClub/frontend/src/assets/mostActiveUsers.jsx": {"lines":{"total":75,"covered":75,"skipped":0,"pct":100},"functions":{"total":3,"covered":3,"skipped":0,"pct":100},"statements":{"total":75,"covered":75,"skipped":0,"pct":100},"branches":{"total":13,"covered":13,"skipped":0,"pct":100}}
,"/home/lukas/projects/2900INF/BookClub/frontend/src/assets/mostLikedBooks.jsx": {"lines":{"total":52,"covered":52,"skipped":0,"pct":100},"functions":{"total":2,"covered":2,"skipped":0,"pct":100},"statements":{"total":52,"covered":52,"skipped":0,"pct":100},"branches":{"total":11,"covered":11,"skipped":0,"pct":100}}
,"/home/lukas/projects/2900INF/BookClub/frontend/src/assets/profile.jsx": {"lines":{"total":41,"covered":41,"skipped":0,"pct":100},"functions":{"total":1,"covered":1,"skipped":0,"pct":100},"statements":{"total":41,"covered":41,"skipped":0,"pct":100},"branches":{"total":3,"covered":3,"skipped":0,"pct":100}}
,"/home/lukas/projects/2900INF/BookClub/frontend/src/assets/searchbar.jsx": {"lines":{"total":93,"covered":93,"skipped":0,"pct":100},"functions":{"total":5,"covered":5,"skipped":0,"pct":100},"statements":{"total":93,"covered":93,"skipped":0,"pct":100},"branches":{"total":22,"covered":21,"skipped":0,"pct":95.45}}
,"/home/lukas/projects/2900INF/BookClub/frontend/src/assets/searchresults.jsx": {"lines":{"total":120,"covered":120,"skipped":0,"pct":100},"functions":{"total":5,"covered":5,"skipped":0,"pct":100},"statements":{"total":120,"covered":120,"skipped":0,"pct":100},"branches":{"total":38,"covered":38,"skipped":0,"pct":100}}
,"/home/lukas/projects/2900INF/BookClub/frontend/src/assets/settings.jsx": {"lines":{"total":503,"covered":500,"skipped":0,"pct":99.4},"functions":{"total":24,"covered":24,"skipped":0,"pct":100},"statements":{"total":503,"covered":500,"skipped":0,"pct":99.4},"branches":{"total":98,"covered":91,"skipped":0,"pct":92.85}}
,"/home/lukas/projects/2900INF/BookClub/frontend/src/assets/signin.jsx": {"lines":{"total":109,"covered":109,"skipped":0,"pct":100},"functions":{"total":5,"covered":5,"skipped":0,"pct":100},"statements":{"total":109,"covered":109,"skipped":0,"pct":100},"branches":{"total":13,"covered":12,"skipped":0,"pct":92.3}}
,"/home/lukas/projects/2900INF/BookClub/frontend/src/assets/subjectheader.jsx": {"lines":{"total":20,"covered":20,"skipped":0,"pct":100},"functions":{"total":2,"covered":2,"skipped":0,"pct":100},"statements":{"total":20,"covered":20,"skipped":0,"pct":100},"branches":{"total":3,"covered":3,"skipped":0,"pct":100}}
,"/home/lukas/projects/2900INF/BookClub/frontend/src/assets/toprated.jsx": {"lines":{"total":47,"covered":47,"skipped":0,"pct":100},"functions":{"total":2,"covered":2,"skipped":0,"pct":100},"statements":{"total":47,"covered":47,"skipped":0,"pct":100},"branches":{"total":11,"covered":11,"skipped":0,"pct":100}}
,"/home/lukas/projects/2900INF/BookClub/frontend/src/assets/welcome.jsx": {"lines":{"total":9,"covered":9,"skipped":0,"pct":100},"functions":{"total":1,"covered":1,"skipped":0,"pct":100},"statements":{"total":9,"covered":9,"skipped":0,"pct":100},"branches":{"total":1,"covered":1,"skipped":0,"pct":100}}
}
